<?xml version="1.0" encoding="UTF-8"?>
<testsuite name="com.clearvoyage.shipping_estimator.repositories.VesselRepositoryTest" tests="2" skipped="0" failures="0" errors="0" timestamp="2024-11-14T13:41:48" hostname="M61191121" time="0.07">
  <properties/>
  <testcase name="testFindByNameContainingIgnoreCase()" classname="com.clearvoyage.shipping_estimator.repositories.VesselRepositoryTest" time="0.065"/>
  <testcase name="testFindByImo()" classname="com.clearvoyage.shipping_estimator.repositories.VesselRepositoryTest" time="0.004"/>
  <system-out><![CDATA[]]></system-out>
  <system-err><![CDATA[]]></system-err>
</testsuite>
