<?xml version="1.0" encoding="UTF-8"?>
<testsuite name="com.clearvoyage.shipping_estimator.services.PortServiceImplTest" tests="5" skipped="0" failures="0" errors="0" timestamp="2024-11-14T13:41:48" hostname="M61191121" time="0.011">
  <properties/>
  <testcase name="testSavePort()" classname="com.clearvoyage.shipping_estimator.services.PortServiceImplTest" time="0.002"/>
  <testcase name="testGetAllPorts()" classname="com.clearvoyage.shipping_estimator.services.PortServiceImplTest" time="0.001"/>
  <testcase name="testUpdatePort()" classname="com.clearvoyage.shipping_estimator.services.PortServiceImplTest" time="0.003"/>
  <testcase name="testDeletePort()" classname="com.clearvoyage.shipping_estimator.services.PortServiceImplTest" time="0.003"/>
  <testcase name="testGetPortById()" classname="com.clearvoyage.shipping_estimator.services.PortServiceImplTest" time="0.001"/>
  <system-out><![CDATA[]]></system-out>
  <system-err><![CDATA[]]></system-err>
</testsuite>
