<?xml version="1.0" encoding="UTF-8"?>
<testsuite name="com.clearvoyage.shipping_estimator.services.EstimateServiceImplTest" tests="5" skipped="0" failures="0" errors="0" timestamp="2024-11-14T13:41:48" hostname="M61191121" time="0.022">
  <properties/>
  <testcase name="testSaveEstimate()" classname="com.clearvoyage.shipping_estimator.services.EstimateServiceImplTest" time="0.006"/>
  <testcase name="testDeleteEstimate()" classname="com.clearvoyage.shipping_estimator.services.EstimateServiceImplTest" time="0.003"/>
  <testcase name="testGetEstimateById()" classname="com.clearvoyage.shipping_estimator.services.EstimateServiceImplTest" time="0.002"/>
  <testcase name="testGetAllEstimates()" classname="com.clearvoyage.shipping_estimator.services.EstimateServiceImplTest" time="0.002"/>
  <testcase name="testUpdateEstimate()" classname="com.clearvoyage.shipping_estimator.services.EstimateServiceImplTest" time="0.007"/>
  <system-out><![CDATA[]]></system-out>
  <system-err><![CDATA[]]></system-err>
</testsuite>
