<?xml version="1.0" encoding="UTF-8"?>
<testsuite name="com.clearvoyage.shipping_estimator.services.CargoServiceImplTest" tests="5" skipped="0" failures="0" errors="0" timestamp="2024-11-14T13:41:48" hostname="M61191121" time="0.025">
  <properties/>
  <testcase name="testDeleteCargo()" classname="com.clearvoyage.shipping_estimator.services.CargoServiceImplTest" time="0.004"/>
  <testcase name="testUpdateCargo()" classname="com.clearvoyage.shipping_estimator.services.CargoServiceImplTest" time="0.009"/>
  <testcase name="testGetAllCargos()" classname="com.clearvoyage.shipping_estimator.services.CargoServiceImplTest" time="0.003"/>
  <testcase name="testSaveCargo()" classname="com.clearvoyage.shipping_estimator.services.CargoServiceImplTest" time="0.003"/>
  <testcase name="testGetCargoById()" classname="com.clearvoyage.shipping_estimator.services.CargoServiceImplTest" time="0.003"/>
  <system-out><![CDATA[]]></system-out>
  <system-err><![CDATA[]]></system-err>
</testsuite>
