<?xml version="1.0" encoding="UTF-8"?>
<testsuite name="com.clearvoyage.shipping_estimator.controllers.VesselControllerTest" tests="5" skipped="0" failures="0" errors="0" timestamp="2024-11-14T13:41:47" hostname="M61191121" time="0.074">
  <properties/>
  <testcase name="testCreateVessel()" classname="com.clearvoyage.shipping_estimator.controllers.VesselControllerTest" time="0.06"/>
  <testcase name="testGetAllVessels()" classname="com.clearvoyage.shipping_estimator.controllers.VesselControllerTest" time="0.003"/>
  <testcase name="testUpdateVessel()" classname="com.clearvoyage.shipping_estimator.controllers.VesselControllerTest" time="0.003"/>
  <testcase name="testDeleteVessel()" classname="com.clearvoyage.shipping_estimator.controllers.VesselControllerTest" time="0.002"/>
  <testcase name="testGetVesselByImo()" classname="com.clearvoyage.shipping_estimator.controllers.VesselControllerTest" time="0.003"/>
  <system-out><![CDATA[]]></system-out>
  <system-err><![CDATA[]]></system-err>
</testsuite>
