<?xml version="1.0" encoding="UTF-8"?>
<testsuite name="com.clearvoyage.shipping_estimator.exceptions.GlobalExceptionHandlerTest" tests="4" skipped="0" failures="0" errors="0" timestamp="2024-11-14T13:41:47" hostname="M61191121" time="0.371">
  <properties/>
  <testcase name="testHandleResourceNotFound()" classname="com.clearvoyage.shipping_estimator.exceptions.GlobalExceptionHandlerTest" time="0.135"/>
  <testcase name="testHandleGeneralException()" classname="com.clearvoyage.shipping_estimator.exceptions.GlobalExceptionHandlerTest" time="0.002"/>
  <testcase name="testHandleValidationErrors()" classname="com.clearvoyage.shipping_estimator.exceptions.GlobalExceptionHandlerTest" time="0.161"/>
  <testcase name="testHandleTypeMismatch()" classname="com.clearvoyage.shipping_estimator.exceptions.GlobalExceptionHandlerTest" time="0.072"/>
  <system-out><![CDATA[]]></system-out>
  <system-err><![CDATA[]]></system-err>
</testsuite>
