<?xml version="1.0" encoding="UTF-8"?>
<testsuite name="com.clearvoyage.shipping_estimator.repositories.PortRepositoryTest" tests="1" skipped="0" failures="0" errors="0" timestamp="2024-11-14T13:41:47" hostname="M61191121" time="0.085">
  <properties/>
  <testcase name="testFindById()" classname="com.clearvoyage.shipping_estimator.repositories.PortRepositoryTest" time="0.085"/>
  <system-out><![CDATA[]]></system-out>
  <system-err><![CDATA[]]></system-err>
</testsuite>
